<?xml version="1.0" encoding="UTF-8"?>
<!-- Generated by org.testng.reporters.JUnitReportReporter -->
<testsuite skipped="0" hostname="LAPTOP-QEOP498E" name="com.example.AppTest" tests="3" failures="0" timestamp="24 jun 2024 05:44:51 GMT" time="0.009" errors="0">
  <testcase name="testUserRole" time="0.000" classname="com.example.AppTest"/>
  <testcase name="testMethod" time="0.009" classname="com.example.AppTest"/>
  <testcase name="testUsername" time="0.000" classname="com.example.AppTest"/>
</testsuite> <!-- com.example.AppTest -->
