<?xml version="1.0" encoding="UTF-8"?>
<!-- Generated by org.testng.reporters.JUnitReportReporter -->
<testsuite skipped="0" hostname="LAPTOP-QEOP498E" name="com.example.AppTest" tests="3" failures="0" timestamp="26 jun 2024 03:42:40 GMT" time="0.011" errors="0">
  <testcase name="testUserRole" time="0.002" classname="com.example.AppTest"/>
  <testcase name="testMethod" time="0.006" classname="com.example.AppTest"/>
  <testcase name="testUsername" time="0.003" classname="com.example.AppTest"/>
</testsuite> <!-- com.example.AppTest -->
