<?xml version="1.0" encoding="UTF-8"?>
<testsuite xmlns:xsi="http://www.w3.org/2001/XMLSchema-instance" xsi:noNamespaceSchemaLocation="https://maven.apache.org/surefire/maven-surefire-plugin/xsd/surefire-test-report-3.0.xsd" version="3.0" name="com.example.AppTest" time="0.775" tests="3" errors="0" skipped="0" failures="0">
  <properties>
    <property name="sun.desktop" value="windows"/>
    <property name="awt.toolkit" value="sun.awt.windows.WToolkit"/>
    <property name="file.encoding.pkg" value="sun.io"/>
    <property name="java.specification.version" value="1.8"/>
    <property name="sun.cpu.isalist" value="amd64"/>
    <property name="sun.jnu.encoding" value="Cp1252"/>
    <property name="java.class.path" value="D:\TERCER-SICLO-D-D-SOFTWARE\TÉCNICAS-DE-PRUEBA-DE-SOFTWARE\prueba-testNG\example1\example1\target\test-classes;D:\TERCER-SICLO-D-D-SOFTWARE\TÉCNICAS-DE-PRUEBA-DE-SOFTWARE\prueba-testNG\example1\example1\target\classes;C:\Users\HUAWEI\.m2\repository\org\testng\testng\6.14.3\testng-6.14.3.jar;C:\Users\HUAWEI\.m2\repository\com\beust\jcommander\1.72\jcommander-1.72.jar;C:\Users\HUAWEI\.m2\repository\org\apache-extras\beanshell\bsh\2.0b6\bsh-2.0b6.jar;"/>
    <property name="java.vm.vendor" value="Oracle Corporation"/>
    <property name="sun.arch.data.model" value="64"/>
    <property name="user.variant" value=""/>
    <property name="java.vendor.url" value="http://java.oracle.com/"/>
    <property name="user.timezone" value="America/Bogota"/>
    <property name="java.vm.specification.version" value="1.8"/>
    <property name="os.name" value="Windows 10"/>
    <property name="user.country" value="PE"/>
    <property name="sun.java.launcher" value="SUN_STANDARD"/>
    <property name="sun.boot.library.path" value="C:\Program Files\Java\jdk1.8.0_202\jre\bin"/>
    <property name="sun.java.command" value="C:\Users\HUAWEI\AppData\Local\Temp\surefire3572783242670010824\surefirebooter5884520508375829900.jar C:\Users\HUAWEI\AppData\Local\Temp\surefire3572783242670010824 2024-06-23T23-42-47_053-jvmRun1 surefire1682433978132166256tmp surefire_0697644384104034436tmp"/>
    <property name="surefire.test.class.path" value="D:\TERCER-SICLO-D-D-SOFTWARE\TÉCNICAS-DE-PRUEBA-DE-SOFTWARE\prueba-testNG\example1\example1\target\test-classes;D:\TERCER-SICLO-D-D-SOFTWARE\TÉCNICAS-DE-PRUEBA-DE-SOFTWARE\prueba-testNG\example1\example1\target\classes;C:\Users\HUAWEI\.m2\repository\org\testng\testng\6.14.3\testng-6.14.3.jar;C:\Users\HUAWEI\.m2\repository\com\beust\jcommander\1.72\jcommander-1.72.jar;C:\Users\HUAWEI\.m2\repository\org\apache-extras\beanshell\bsh\2.0b6\bsh-2.0b6.jar;"/>
    <property name="sun.cpu.endian" value="little"/>
    <property name="user.home" value="C:\Users\HUAWEI"/>
    <property name="user.language" value="es"/>
    <property name="java.specification.vendor" value="Oracle Corporation"/>
    <property name="java.home" value="C:\Program Files\Java\jdk1.8.0_202\jre"/>
    <property name="basedir" value="D:\TERCER-SICLO-D-D-SOFTWARE\TÉCNICAS-DE-PRUEBA-DE-SOFTWARE\prueba-testNG\example1\example1"/>
    <property name="file.separator" value="\"/>
    <property name="line.separator" value="&#10;"/>
    <property name="java.vm.specification.vendor" value="Oracle Corporation"/>
    <property name="java.specification.name" value="Java Platform API Specification"/>
    <property name="java.awt.graphicsenv" value="sun.awt.Win32GraphicsEnvironment"/>
    <property name="surefire.real.class.path" value="C:\Users\HUAWEI\AppData\Local\Temp\surefire3572783242670010824\surefirebooter5884520508375829900.jar;C:\\Users\\HUAWEI\\.m2\\repository\\org\\jacoco\\org.jacoco.agent\\0.8.4\\org.jacoco.agent-0.8.4-runtime.jar"/>
    <property name="sun.boot.class.path" value="C:\Program Files\Java\jdk1.8.0_202\jre\lib\resources.jar;C:\Program Files\Java\jdk1.8.0_202\jre\lib\rt.jar;C:\Program Files\Java\jdk1.8.0_202\jre\lib\sunrsasign.jar;C:\Program Files\Java\jdk1.8.0_202\jre\lib\jsse.jar;C:\Program Files\Java\jdk1.8.0_202\jre\lib\jce.jar;C:\Program Files\Java\jdk1.8.0_202\jre\lib\charsets.jar;C:\Program Files\Java\jdk1.8.0_202\jre\lib\jfr.jar;C:\Program Files\Java\jdk1.8.0_202\jre\classes"/>
    <property name="user.script" value=""/>
    <property name="sun.management.compiler" value="HotSpot 64-Bit Tiered Compilers"/>
    <property name="java.runtime.version" value="1.8.0_202-b08"/>
    <property name="user.name" value="HUAWEI"/>
    <property name="path.separator" value=";"/>
    <property name="os.version" value="10.0"/>
    <property name="java.endorsed.dirs" value="C:\Program Files\Java\jdk1.8.0_202\jre\lib\endorsed"/>
    <property name="java.runtime.name" value="Java(TM) SE Runtime Environment"/>
    <property name="file.encoding" value="Cp1252"/>
    <property name="java.vm.name" value="Java HotSpot(TM) 64-Bit Server VM"/>
    <property name="localRepository" value="C:\Users\HUAWEI\.m2\repository"/>
    <property name="java.vendor.url.bug" value="http://bugreport.sun.com/bugreport/"/>
    <property name="java.io.tmpdir" value="C:\Users\HUAWEI\AppData\Local\Temp\"/>
    <property name="java.version" value="1.8.0_202"/>
    <property name="user.dir" value="D:\TERCER-SICLO-D-D-SOFTWARE\TÉCNICAS-DE-PRUEBA-DE-SOFTWARE\prueba-testNG\example1\example1"/>
    <property name="os.arch" value="amd64"/>
    <property name="java.vm.specification.name" value="Java Virtual Machine Specification"/>
    <property name="java.awt.printerjob" value="sun.awt.windows.WPrinterJob"/>
    <property name="sun.os.patch.level" value=""/>
    <property name="java.library.path" value="C:\Program Files\Java\jdk1.8.0_202\jre\bin;C:\WINDOWS\Sun\Java\bin;C:\WINDOWS\system32;C:\WINDOWS;C:\Program Files\Common Files\Oracle\Java\javapath;C:\Program Files (x86)\Common Files\Oracle\Java\java8path;C:\Program Files (x86)\Common Files\Oracle\Java\javapath;C:\Program Files\Python311\Scripts\;C:\Program Files\Python311\;C:\WINDOWS\system32;C:\WINDOWS;C:\WINDOWS\System32\Wbem;C:\WINDOWS\System32\WindowsPowerShell\v1.0\;C:\WINDOWS\System32\OpenSSH\;C:\Program Files\Docker\Docker\resources\bin;C:\Program Files\Git\cmd;C:\Program Files\nodejs\;D:\flutter\bin;D:\dart-sdk\bin;C:\Users\HUAWEI\Downloads\VSCodeUserSetup-x64-1.88.1.exe;C:\Program Files (x86)\Windows Kits\10\Windows Performance Toolkit\;C:\Users\HUAWEI\Downloads\apache-maven-3.9.8_1\apache-maven-3.9.8\bin;C:\Program Files\Java\jdk1.8.0_202\bin;C:\Program Files\Java\jre1.8.0_202\bin;C:\Users\HUAWEI\AppData\Local\Microsoft\WindowsApps;C:\Users\HUAWEI\AppData\Roaming\npm;D:\flutter\bin;D:\dart-sdk\bin;C:\Users\HUAWEI\Downloads\VSCodeUserSetup-x64-1.88.1.exe;C:\Users\HUAWEI\AppData\Local\Programs\Microsoft VS Code\bin;;."/>
    <property name="java.vm.info" value="mixed mode"/>
    <property name="java.vendor" value="Oracle Corporation"/>
    <property name="java.vm.version" value="25.202-b08"/>
    <property name="java.ext.dirs" value="C:\Program Files\Java\jdk1.8.0_202\jre\lib\ext;C:\WINDOWS\Sun\Java\lib\ext"/>
    <property name="sun.io.unicode.encoding" value="UnicodeLittle"/>
    <property name="java.class.version" value="52.0"/>
  </properties>
  <testcase name="testMethod" classname="com.example.AppTest" time="0">
    <system-out><![CDATA[before suite
Before class
Before Method
test method
]]></system-out>
  </testcase>
  <testcase name="testUserRole" classname="com.example.AppTest" time="0">
    <system-out><![CDATA[after Method
Before User Group
Before Method
test user role
]]></system-out>
  </testcase>
  <testcase name="testUsername" classname="com.example.AppTest" time="0">
    <system-out><![CDATA[after Method
Before Method
test username
]]></system-out>
  </testcase>
</testsuite>